# JRE version: Java(TM) SE Runtime Environment (8.0_181-b13) (build 1.8.0_181-b13)
# Java VM: Java HotSpot(TM) 64-Bit Server VM (25.181-b13 mixed mode windows-amd64 compressed oops)
Heap:
 PSYoungGen      total 308736K, used 26382K [0x00000000d6500000, 0x00000000ed000000, 0x0000000100000000)
  eden space 275456K, 9% used [0x00000000d6500000,0x00000000d7ec3a80,0x00000000e7200000)
  from space 33280K, 0% used [0x00000000e9b00000,0x00000000e9b00000,0x00000000ebb80000)
  to   space 41984K, 0% used [0x00000000e7200000,0x00000000e7200000,0x00000000e9b00000)
 ParOldGen       total 138240K, used 54143K [0x0000000082e00000, 0x000000008b500000, 0x00000000d6500000)
  object space 138240K, 39% used [0x0000000082e00000,0x00000000862dfde8,0x000000008b500000)
 Metaspace       used 24171K, capacity 24854K, committed 25136K, reserved 1071104K
  class space    used 2820K, capacity 2999K, committed 3120K, reserved 1048576K
GC Heap History (10 events):
Event: 3.547 GC heap before
{Heap before GC invocations=8 (full 1):
 PSYoungGen      total 141312K, used 130560K [0x00000000d6500000, 0x00000000dfb00000, 0x0000000100000000)
  eden space 130560K, 100% used [0x00000000d6500000,0x00000000de480000,0x00000000de480000)
  from space 10752K, 0% used [0x00000000def80000,0x00000000def80000,0x00000000dfa00000)
  to   space 11264K, 0% used [0x00000000de480000,0x00000000de480000,0x00000000def80000)
 ParOldGen       total 66560K, used 14897K [0x0000000082e00000, 0x0000000086f00000, 0x00000000d6500000)
  object space 66560K, 22% used [0x0000000082e00000,0x0000000083c8c780,0x0000000086f00000)
 Metaspace       used 24130K, capacity 24720K, committed 24880K, reserved 1071104K
  class space    used 2814K, capacity 2997K, committed 3120K, reserved 1048576K
Event: 3.562 GC heap after
Heap after GC invocations=8 (full 1):
 PSYoungGen      total 141824K, used 11256K [0x00000000d6500000, 0x00000000e5000000, 0x0000000100000000)
  eden space 130560K, 0% used [0x00000000d6500000,0x00000000d6500000,0x00000000de480000)
  from space 11264K, 99% used [0x00000000de480000,0x00000000def7e370,0x00000000def80000)
  to   space 16896K, 0% used [0x00000000e3f80000,0x00000000e3f80000,0x00000000e5000000)
 ParOldGen       total 66560K, used 23693K [0x0000000082e00000, 0x0000000086f00000, 0x00000000d6500000)
  object space 66560K, 35% used [0x0000000082e00000,0x00000000845235e8,0x0000000086f00000)
 Metaspace       used 24130K, capacity 24720K, committed 24880K, reserved 1071104K
  class space    used 2814K, capacity 2997K, committed 3120K, reserved 1048576K
}
Event: 3.961 GC heap before
{Heap before GC invocations=9 (full 1):
 PSYoungGen      total 141824K, used 141816K [0x00000000d6500000, 0x00000000e5000000, 0x0000000100000000)
  eden space 130560K, 100% used [0x00000000d6500000,0x00000000de480000,0x00000000de480000)
  from space 11264K, 99% used [0x00000000de480000,0x00000000def7e370,0x00000000def80000)
  to   space 16896K, 0% used [0x00000000e3f80000,0x00000000e3f80000,0x00000000e5000000)
 ParOldGen       total 66560K, used 23693K [0x0000000082e00000, 0x0000000086f00000, 0x00000000d6500000)
  object space 66560K, 35% used [0x0000000082e00000,0x00000000845235e8,0x0000000086f00000)
 Metaspace       used 24133K, capacity 24720K, committed 24880K, reserved 1071104K
  class space    used 2814K, capacity 2997K, committed 3120K, reserved 1048576K
Event: 3.981 GC heap after
Heap after GC invocations=9 (full 1):
 PSYoungGen      total 217088K, used 16865K [0x00000000d6500000, 0x00000000e6580000, 0x0000000100000000)
  eden space 200192K, 0% used [0x00000000d6500000,0x00000000d6500000,0x00000000e2880000)
  from space 16896K, 99% used [0x00000000e3f80000,0x00000000e4ff8558,0x00000000e5000000)
  to   space 23552K, 0% used [0x00000000e2880000,0x00000000e2880000,0x00000000e3f80000)
 ParOldGen       total 66560K, used 32831K [0x0000000082e00000, 0x0000000086f00000, 0x00000000d6500000)
  object space 66560K, 49% used [0x0000000082e00000,0x0000000084e0ffc0,0x0000000086f00000)
 Metaspace       used 24133K, capacity 24720K, committed 24880K, reserved 1071104K
  class space    used 2814K, capacity 2997K, committed 3120K, reserved 1048576K
}
Event: 4.489 GC heap before
{Heap before GC invocations=10 (full 1):
 PSYoungGen      total 217088K, used 217057K [0x00000000d6500000, 0x00000000e6580000, 0x0000000100000000)
  eden space 200192K, 100% used [0x00000000d6500000,0x00000000e2880000,0x00000000e2880000)
  from space 16896K, 99% used [0x00000000e3f80000,0x00000000e4ff8558,0x00000000e5000000)
  to   space 23552K, 0% used [0x00000000e2880000,0x00000000e2880000,0x00000000e3f80000)
 ParOldGen       total 66560K, used 32831K [0x0000000082e00000, 0x0000000086f00000, 0x00000000d6500000)
  object space 66560K, 49% used [0x0000000082e00000,0x0000000084e0ffc0,0x0000000086f00000)
 Metaspace       used 24146K, capacity 24720K, committed 24880K, reserved 1071104K
  class space    used 2815K, capacity 2997K, committed 3120K, reserved 1048576K
Event: 4.519 GC heap after
Heap after GC invocations=10 (full 1):
 PSYoungGen      total 223744K, used 23527K [0x00000000d6500000, 0x00000000ebb80000, 0x0000000100000000)
  eden space 200192K, 0% used [0x00000000d6500000,0x00000000d6500000,0x00000000e2880000)
  from space 23552K, 99% used [0x00000000e2880000,0x00000000e3f79ef8,0x00000000e3f80000)
  to   space 33280K, 0% used [0x00000000e9b00000,0x00000000e9b00000,0x00000000ebb80000)
 ParOldGen       total 66560K, used 48476K [0x0000000082e00000, 0x0000000086f00000, 0x00000000d6500000)
  object space 66560K, 72% used [0x0000000082e00000,0x0000000085d570a0,0x0000000086f00000)
 Metaspace       used 24146K, capacity 24720K, committed 24880K, reserved 1071104K
  class space    used 2815K, capacity 2997K, committed 3120K, reserved 1048576K
}
Event: 5.551 GC heap before
{Heap before GC invocations=11 (full 1):
 PSYoungGen      total 223744K, used 223719K [0x00000000d6500000, 0x00000000ebb80000, 0x0000000100000000)
  eden space 200192K, 100% used [0x00000000d6500000,0x00000000e2880000,0x00000000e2880000)
  from space 23552K, 99% used [0x00000000e2880000,0x00000000e3f79ef8,0x00000000e3f80000)
  to   space 33280K, 0% used [0x00000000e9b00000,0x00000000e9b00000,0x00000000ebb80000)
 ParOldGen       total 66560K, used 48476K [0x0000000082e00000, 0x0000000086f00000, 0x00000000d6500000)
  object space 66560K, 72% used [0x0000000082e00000,0x0000000085d570a0,0x0000000086f00000)
 Metaspace       used 24161K, capacity 24790K, committed 25136K, reserved 1071104K
  class space    used 2818K, capacity 2999K, committed 3120K, reserved 1048576K
Event: 5.611 GC heap after
Heap after GC invocations=11 (full 1):
 PSYoungGen      total 308736K, used 33249K [0x00000000d6500000, 0x00000000ed000000, 0x0000000100000000)
  eden space 275456K, 0% used [0x00000000d6500000,0x00000000d6500000,0x00000000e7200000)
  from space 33280K, 99% used [0x00000000e9b00000,0x00000000ebb785a8,0x00000000ebb80000)
  to   space 41984K, 0% used [0x00000000e7200000,0x00000000e7200000,0x00000000e9b00000)
 ParOldGen       total 66560K, used 58561K [0x0000000082e00000, 0x0000000086f00000, 0x00000000d6500000)
  object space 66560K, 87% used [0x0000000082e00000,0x00000000867305f8,0x0000000086f00000)
 Metaspace       used 24161K, capacity 24790K, committed 25136K, reserved 1071104K
  class space    used 2818K, capacity 2999K, committed 3120K, reserved 1048576K
}
Event: 5.611 GC heap before
{Heap before GC invocations=12 (full 2):
 PSYoungGen      total 308736K, used 33249K [0x00000000d6500000, 0x00000000ed000000, 0x0000000100000000)
  eden space 275456K, 0% used [0x00000000d6500000,0x00000000d6500000,0x00000000e7200000)
  from space 33280K, 99% used [0x00000000e9b00000,0x00000000ebb785a8,0x00000000ebb80000)
  to   space 41984K, 0% used [0x00000000e7200000,0x00000000e7200000,0x00000000e9b00000)
 ParOldGen       total 66560K, used 58561K [0x0000000082e00000, 0x0000000086f00000, 0x00000000d6500000)
  object space 66560K, 87% used [0x0000000082e00000,0x00000000867305f8,0x0000000086f00000)
 Metaspace       used 24161K, capacity 24790K, committed 25136K, reserved 1071104K
  class space    used 2818K, capacity 2999K, committed 3120K, reserved 1048576K
Event: 5.792 GC heap after
Heap after GC invocations=12 (full 2):
 PSYoungGen      total 308736K, used 0K [0x00000000d6500000, 0x00000000ed000000, 0x0000000100000000)
  eden space 275456K, 0% used [0x00000000d6500000,0x00000000d6500000,0x00000000e7200000)
  from space 33280K, 0% used [0x00000000e9b00000,0x00000000e9b00000,0x00000000ebb80000)
  to   space 41984K, 0% used [0x00000000e7200000,0x00000000e7200000,0x00000000e9b00000)
 ParOldGen       total 138240K, used 54143K [0x0000000082e00000, 0x000000008b500000, 0x00000000d6500000)
  object space 138240K, 39% used [0x0000000082e00000,0x00000000862dfde8,0x000000008b500000)
 Metaspace       used 24161K, capacity 24790K, committed 25136K, reserved 1071104K
  class space    used 2818K, capacity 2999K, committed 3120K, reserved 1048576K
}

